<?xml version="1.0" encoding="UTF-8"?>
<testsuite xmlns:xsi="http://www.w3.org/2001/XMLSchema-instance" xsi:noNamespaceSchemaLocation="https://maven.apache.org/surefire/maven-surefire-plugin/xsd/surefire-test-report-3.0.xsd" version="3.0" name="TestSuite" time="1.133" tests="3" errors="0" skipped="0" failures="0">
  <properties>
[...]
</properties>
  <testcase name="runScenario[&quot;Attempt login with valid credentials&quot;, &quot;Optional[Web Login]&quot;](1)" classname="Runners.Run" time="0.152">
    <system-out><![CDATA[===========================================================
The user is on login page
Entered valid credentials
Clicked on submit
Yeah I am logged in
===========================================================
]]></system-out>
  </testcase>
  <testcase name="runScenario[&quot;Attempt Login with invalid credentials&quot;, &quot;Optional[Web Login]&quot;](2)" classname="Runners.Run" time="0.023">
    <system-out><![CDATA[===========================================================
The user is on login page
Entered invalid credentials
Clicked on submit
error displayed::: Username or password invalid
User was not logged in
===========================================================
]]></system-out>
  </testcase>
  <testcase name="runScenario[&quot;Check for company logo on login form&quot;, &quot;Optional[Web Login]&quot;](3)" classname="Runners.Run" time="0.036">
    <system-out><![CDATA[===========================================================
The user is on login page
The company logo is present in the login form
===========================================================
]]></system-out>
  </testcase>
</testsuite>